<?xml version="1.0" encoding="UTF-8"?>
<testng-results skipped="0" failed="0" ignored="0" total="1" passed="1">
  <reporter-output>
  </reporter-output>
  <suite name="Default suite" duration-ms="28" started-at="2018-10-19T16:24:11Z" finished-at="2018-10-19T16:24:11Z">
    <groups>
    </groups>
    <test name="Default test" duration-ms="28" started-at="2018-10-19T16:24:11Z" finished-at="2018-10-19T16:24:11Z">
      <class name="AutomationScript">
        <test-method status="PASS" signature="testApple()[pri:0, instance:AutomationScript@77f99a05]" name="testApple" duration-ms="7" started-at="2018-10-19T16:24:11Z" finished-at="2018-10-19T16:24:11Z">
          <reporter-output>
          </reporter-output>
        </test-method> <!-- testApple -->
      </class> <!-- AutomationScript -->
    </test> <!-- Default test -->
  </suite> <!-- Default suite -->
</testng-results>
